app/build/intermediates/manifest_merge_blame_file/debug/manifest-merger-blame-debug-report.txt
1<?xml version="1.0" encoding="utf-8"?>
2<manifest xmlns:android="http://schemas.android.com/apk/res/android"
3    package="com.example.proteintracker"
4    android:versionCode="1"
5    android:versionName="1.0" >
6
7    <uses-sdk
8        android:minSdkVersion="21"
8-->src\main\AndroidManifest.xml
9        android:targetSdkVersion="29" />
9-->src\main\AndroidManifest.xml
10
11    <application
11-->src\main\AndroidManifest.xml:5:5-36:19
12        android:allowBackup="true"
12-->src\main\AndroidManifest.xml:6:9-35
13        android:appComponentFactory="androidx.core.app.CoreComponentFactory"
13-->[androidx.core:core:1.1.0-beta01] AndroidManifest.xml:22:18-86
14        android:debuggable="true"
15        android:icon="@mipmap/ic_launcher"
15-->src\main\AndroidManifest.xml:7:9-43
16        android:label="@string/app_name"
16-->src\main\AndroidManifest.xml:8:9-41
17        android:roundIcon="@mipmap/ic_launcher_round"
17-->src\main\AndroidManifest.xml:9:9-54
18        android:supportsRtl="true"
18-->src\main\AndroidManifest.xml:10:9-35
19        android:testOnly="true"
20        android:theme="@style/AppTheme" >
20-->src\main\AndroidManifest.xml:11:9-40
21        <activity
21-->src\main\AndroidManifest.xml:12:9-14:72
22            android:name="com.example.proteintracker.SettingsActivity"
22-->src\main\AndroidManifest.xml:13:13-45
23            android:label="@string/title_activity_settings" />
23-->src\main\AndroidManifest.xml:14:13-60
24        <activity android:name="com.example.proteintracker.HomeActivity" >
24-->src\main\AndroidManifest.xml:15:9-21:20
24-->src\main\AndroidManifest.xml:15:19-47
25            <intent-filter>
25-->src\main\AndroidManifest.xml:16:13-20:29
26                <action android:name="android.intent.action.MAIN" />
26-->src\main\AndroidManifest.xml:17:17-69
26-->src\main\AndroidManifest.xml:17:25-66
27
28                <category android:name="android.intent.category.LAUNCHER" />
28-->src\main\AndroidManifest.xml:19:17-77
28-->src\main\AndroidManifest.xml:19:27-74
29            </intent-filter>
30        </activity>
31        <activity android:name="com.example.proteintracker.DaftarTemanActivity" />
31-->src\main\AndroidManifest.xml:22:9-57
31-->src\main\AndroidManifest.xml:22:19-54
32        <activity android:name="com.example.proteintracker.RecyclerViewActivity" />
32-->src\main\AndroidManifest.xml:23:9-58
32-->src\main\AndroidManifest.xml:23:19-55
33        <activity android:name="com.example.proteintracker.tambah" />
33-->src\main\AndroidManifest.xml:24:9-44
33-->src\main\AndroidManifest.xml:24:19-41
34        <activity android:name="com.example.proteintracker.edit" />
34-->src\main\AndroidManifest.xml:25:9-42
34-->src\main\AndroidManifest.xml:25:19-39
35        <activity android:name="com.example.proteintracker.KelolaMahasiswa" />
35-->src\main\AndroidManifest.xml:26:9-53
35-->src\main\AndroidManifest.xml:26:19-50
36        <activity android:name="com.example.proteintracker.MahasiswaActivity" />
36-->src\main\AndroidManifest.xml:27:9-55
36-->src\main\AndroidManifest.xml:27:19-52
37        <activity android:name="com.example.proteintracker.ProteinTrackerApp" />
37-->src\main\AndroidManifest.xml:28:9-55
37-->src\main\AndroidManifest.xml:28:19-52
38        <activity android:name="com.example.proteintracker.Table" />
38-->src\main\AndroidManifest.xml:29:9-43
38-->src\main\AndroidManifest.xml:29:19-40
39        <activity android:name="com.example.proteintracker.List" />
39-->src\main\AndroidManifest.xml:30:9-42
39-->src\main\AndroidManifest.xml:30:19-39
40        <activity android:name="com.example.proteintracker.Main3FragmentActivity" />
40-->src\main\AndroidManifest.xml:31:9-59
40-->src\main\AndroidManifest.xml:31:19-56
41        <activity android:name="com.example.proteintracker.Text" />
41-->src\main\AndroidManifest.xml:32:9-42
41-->src\main\AndroidManifest.xml:32:19-39
42        <activity android:name="com.example.proteintracker.Test" />
42-->src\main\AndroidManifest.xml:33:9-42
42-->src\main\AndroidManifest.xml:33:19-39
43        <activity android:name="com.example.proteintracker.HelpActivity" />
43-->src\main\AndroidManifest.xml:34:9-50
43-->src\main\AndroidManifest.xml:34:19-47
44        <activity android:name="com.example.proteintracker.MainActivity" />
44-->src\main\AndroidManifest.xml:35:9-59
44-->src\main\AndroidManifest.xml:35:19-47
45    </application>
46
47</manifest>